CRITICAL - 2020-05-28 02:25:58 --> Undefined variable: mod
#0 Z:\develop\honda\app\Modules\kumalagroup\Views\pages\otomotif.php(1): CodeIgniter\Debug\Exceptions->errorHandler(8, 'Undefined varia...', 'Z:\\develop\\hond...', 1, Array)
#1 Z:\develop\honda\system\View\View.php(236): include('Z:\\develop\\hond...')
#2 Z:\develop\honda\system\Common.php(1071): CodeIgniter\View\View->render('App\\Modules\\kum...', Array, true)
#3 Z:\develop\honda\app\Modules\kumalagroup\Views\index.php(328): view('App\\Modules\\kum...')
#4 Z:\develop\honda\system\View\View.php(236): include('Z:\\develop\\hond...')
#5 Z:\develop\honda\system\Common.php(1071): CodeIgniter\View\View->render('App\\Modules\\kum...', Array, true)
#6 Z:\develop\honda\app\Modules\kumalagroup\Controllers\Home.php(24): view('App\\Modules\\kum...', Array)
#7 Z:\develop\honda\system\CodeIgniter.php(910): App\Modules\kumalagroup\Controllers\Home->index()
#8 Z:\develop\honda\system\CodeIgniter.php(398): CodeIgniter\CodeIgniter->runController(Object(App\Modules\kumalagroup\Controllers\Home))
#9 Z:\develop\honda\system\CodeIgniter.php(306): CodeIgniter\CodeIgniter->handleRequest(NULL, Object(Config\Cache), false)
#10 Z:\develop\honda\index.php(44): CodeIgniter\CodeIgniter->run()
#11 {main}
CRITICAL - 2020-05-28 02:26:59 --> Undefined variable: mod
#0 Z:\develop\honda\app\Modules\kumalagroup\Views\pages\otomotif.php(1): CodeIgniter\Debug\Exceptions->errorHandler(8, 'Undefined varia...', 'Z:\\develop\\hond...', 1, Array)
#1 Z:\develop\honda\system\View\View.php(236): include('Z:\\develop\\hond...')
#2 Z:\develop\honda\system\Common.php(1071): CodeIgniter\View\View->render('App\\Modules\\kum...', Array, true)
#3 Z:\develop\honda\app\Modules\kumalagroup\Views\index.php(328): view('App\\Modules\\kum...')
#4 Z:\develop\honda\system\View\View.php(236): include('Z:\\develop\\hond...')
#5 Z:\develop\honda\system\Common.php(1071): CodeIgniter\View\View->render('App\\Modules\\kum...', Array, true)
#6 Z:\develop\honda\app\Modules\kumalagroup\Controllers\Home.php(23): view('App\\Modules\\kum...', Array)
#7 Z:\develop\honda\system\CodeIgniter.php(910): App\Modules\kumalagroup\Controllers\Home->index()
#8 Z:\develop\honda\system\CodeIgniter.php(398): CodeIgniter\CodeIgniter->runController(Object(App\Modules\kumalagroup\Controllers\Home))
#9 Z:\develop\honda\system\CodeIgniter.php(306): CodeIgniter\CodeIgniter->handleRequest(NULL, Object(Config\Cache), false)
#10 Z:\develop\honda\index.php(44): CodeIgniter\CodeIgniter->run()
#11 {main}
CRITICAL - 2020-05-28 02:32:50 --> Undefined variable: mod
#0 Z:\develop\honda\app\Modules\kumalagroup\Views\pages\otomotif.php(1): CodeIgniter\Debug\Exceptions->errorHandler(8, 'Undefined varia...', 'Z:\\develop\\hond...', 1, Array)
#1 Z:\develop\honda\system\View\View.php(236): include('Z:\\develop\\hond...')
#2 Z:\develop\honda\system\Common.php(1071): CodeIgniter\View\View->render('App\\Modules\\kum...', Array, true)
#3 Z:\develop\honda\app\Modules\kumalagroup\Views\index.php(328): view('App\\Modules\\kum...')
#4 Z:\develop\honda\system\View\View.php(236): include('Z:\\develop\\hond...')
#5 Z:\develop\honda\system\Common.php(1071): CodeIgniter\View\View->render('App\\Modules\\kum...', Array, true)
#6 Z:\develop\honda\app\Modules\kumalagroup\Controllers\Home.php(23): view('App\\Modules\\kum...', Array)
#7 Z:\develop\honda\system\CodeIgniter.php(910): App\Modules\kumalagroup\Controllers\Home->index()
#8 Z:\develop\honda\system\CodeIgniter.php(398): CodeIgniter\CodeIgniter->runController(Object(App\Modules\kumalagroup\Controllers\Home))
#9 Z:\develop\honda\system\CodeIgniter.php(306): CodeIgniter\CodeIgniter->handleRequest(NULL, Object(Config\Cache), false)
#10 Z:\develop\honda\index.php(44): CodeIgniter\CodeIgniter->run()
#11 {main}
CRITICAL - 2020-05-28 02:33:12 --> Undefined variable: mod
#0 /home/lenovo/develop/honda/app/Modules/kumalagroup/Views/pages/otomotif.php(1): CodeIgniter\Debug\Exceptions->errorHandler(8, 'Undefined varia...', '/home/lenovo/de...', 1, Array)
#1 /home/lenovo/develop/honda/system/View/View.php(236): include('/home/lenovo/de...')
#2 /home/lenovo/develop/honda/system/Common.php(1071): CodeIgniter\View\View->render('App\\Modules\\kum...', Array, true)
#3 /home/lenovo/develop/honda/app/Modules/kumalagroup/Views/index.php(328): view('App\\Modules\\kum...')
#4 /home/lenovo/develop/honda/system/View/View.php(236): include('/home/lenovo/de...')
#5 /home/lenovo/develop/honda/system/Common.php(1071): CodeIgniter\View\View->render('App\\Modules\\kum...', Array, true)
#6 /home/lenovo/develop/honda/app/Modules/kumalagroup/Controllers/Home.php(23): view('App\\Modules\\kum...', Array)
#7 /home/lenovo/develop/honda/system/CodeIgniter.php(910): App\Modules\kumalagroup\Controllers\Home->index()
#8 /home/lenovo/develop/honda/system/CodeIgniter.php(398): CodeIgniter\CodeIgniter->runController(Object(App\Modules\kumalagroup\Controllers\Home))
#9 /home/lenovo/develop/honda/system/CodeIgniter.php(306): CodeIgniter\CodeIgniter->handleRequest(NULL, Object(Config\Cache), false)
#10 /home/lenovo/develop/honda/index.php(44): CodeIgniter\CodeIgniter->run()
#11 {main}
CRITICAL - 2020-05-28 03:33:18 --> array_map() expects parameter 1 to be a valid callback, function '_cvf_convert_object_to_array' not found or invalid function name
#0 [internal function]: CodeIgniter\Debug\Exceptions->errorHandler(2, 'array_map() exp...', 'Z:\\develop\\hond...', 38, Array)
#1 Z:\develop\honda\app\Modules\kumalagroup\Controllers\Home.php(38): array_map('_cvf_convert_ob...', Array)
#2 Z:\develop\honda\app\Modules\kumalagroup\Controllers\Home.php(16): App\Modules\kumalagroup\Controllers\Home->_cvf_convert_object_to_array(Array)
#3 Z:\develop\honda\system\CodeIgniter.php(910): App\Modules\kumalagroup\Controllers\Home->index()
#4 Z:\develop\honda\system\CodeIgniter.php(398): CodeIgniter\CodeIgniter->runController(Object(App\Modules\kumalagroup\Controllers\Home))
#5 Z:\develop\honda\system\CodeIgniter.php(306): CodeIgniter\CodeIgniter->handleRequest(NULL, Object(Config\Cache), false)
#6 Z:\develop\honda\index.php(44): CodeIgniter\CodeIgniter->run()
#7 {main}
CRITICAL - 2020-05-28 03:33:49 --> array_map() expects parameter 1 to be a valid callback, function '_cvf_convert_object_to_array' not found or invalid function name
#0 [internal function]: CodeIgniter\Debug\Exceptions->errorHandler(2, 'array_map() exp...', 'Z:\\develop\\hond...', 38, Array)
#1 Z:\develop\honda\app\Modules\kumalagroup\Controllers\Home.php(38): array_map('_cvf_convert_ob...', Array)
#2 Z:\develop\honda\app\Modules\kumalagroup\Controllers\Home.php(16): App\Modules\kumalagroup\Controllers\Home->_cvf_convert_object_to_array(Array)
#3 Z:\develop\honda\system\CodeIgniter.php(910): App\Modules\kumalagroup\Controllers\Home->index()
#4 Z:\develop\honda\system\CodeIgniter.php(398): CodeIgniter\CodeIgniter->runController(Object(App\Modules\kumalagroup\Controllers\Home))
#5 Z:\develop\honda\system\CodeIgniter.php(306): CodeIgniter\CodeIgniter->handleRequest(NULL, Object(Config\Cache), false)
#6 Z:\develop\honda\index.php(44): CodeIgniter\CodeIgniter->run()
#7 {main}
CRITICAL - 2020-05-28 03:36:21 --> array_map() expects parameter 1 to be a valid callback, function '_cvf_convert_object_to_array' not found or invalid function name
#0 [internal function]: CodeIgniter\Debug\Exceptions->errorHandler(2, 'array_map() exp...', 'Z:\\develop\\hond...', 38, Array)
#1 Z:\develop\honda\app\Modules\kumalagroup\Controllers\Home.php(38): array_map('_cvf_convert_ob...', Array)
#2 Z:\develop\honda\app\Modules\kumalagroup\Controllers\Home.php(16): App\Modules\kumalagroup\Controllers\Home->_cvf_convert_object_to_array(Array)
#3 Z:\develop\honda\system\CodeIgniter.php(910): App\Modules\kumalagroup\Controllers\Home->index()
#4 Z:\develop\honda\system\CodeIgniter.php(398): CodeIgniter\CodeIgniter->runController(Object(App\Modules\kumalagroup\Controllers\Home))
#5 Z:\develop\honda\system\CodeIgniter.php(306): CodeIgniter\CodeIgniter->handleRequest(NULL, Object(Config\Cache), false)
#6 Z:\develop\honda\index.php(44): CodeIgniter\CodeIgniter->run()
#7 {main}
